
> lirik.pro@0.3 astro /Users/lirik/Projects/lirik.pro
> astro build

13:47:24 [@astrojs/node] Enabling sessions with filesystem storage
13:47:25 [content] Syncing content
13:47:25 [content] Synced content
13:47:25 [types] Generated 449ms
13:47:25 [build] output: "server"
13:47:25 [build] mode: "server"
13:47:25 [build] directory: /Users/lirik/Projects/lirik.pro/dist/
13:47:25 [build] adapter: @astrojs/node
13:47:25 [build] Collecting build info...
13:47:25 [build] ✓ Completed in 470ms.
13:47:25 [build] Building server entrypoints...
panic: html: bad parser state: originalIM was set twice [recovered]
	panic: interface conversion: string is not error: missing method Error

goroutine 58 [running]:
main.main.Transform.func1.1.1.1()
	./astro-wasm.go:335 +0x5
panic({0x17940, 0x7b460})
	runtime/panic.go:770 +0x1a
github.com/withastro/compiler/internal.(*parser).setOriginalIM(...)
	github.com/withastro/compiler/internal/parser.go:545
github.com/withastro/compiler/internal.inBodyIM(0x179a240)
	github.com/withastro/compiler/internal/parser.go:1106 +0x41a
github.com/withastro/compiler/internal.(*parser).parseCurrentToken(0x179a240)
	github.com/withastro/compiler/internal/parser.go:3009 +0x12
github.com/withastro/compiler/internal.(*parser).parse(0x179a240)
	github.com/withastro/compiler/internal/parser.go:3036 +0x3
github.com/withastro/compiler/internal.ParseWithOptions({0x7bca8, 0x16d60a0}, {0x14c9e20, 0x1, 0x1})
	github.com/withastro/compiler/internal/parser.go:3100 +0x13
main.main.Transform.func1.1.1()
	./astro-wasm.go:340 +0x4
created by main.main.Transform.func1.1 in goroutine 6
	./astro-wasm.go:331 +0x7
exit code: 2
13:47:26 [ERROR] [vite] ✗ Build failed in 1.09s
[UnknownCompilerError] [astro:build] Cannot read properties of undefined (reading 'exports')
file: /Users/lirik/Projects/lirik.pro/src/components/BaseHead.astro:undefined:undefined
  Hint:
    This is almost always a problem with the Astro compiler, not your code. Please open an issue at https://astro.build/issues/compiler.
  Error reference:
    https://docs.astro.build/en/reference/errors/unknown-compiler-error/
  Location:
    /Users/lirik/Projects/lirik.pro/src/components/BaseHead.astro:0:0
  Stack trace:
    at syscall/js.valueNew (file:///Users/lirik/Projects/lirik.pro/node_modules/.pnpm/@astrojs+compiler@2.13.0/node_modules/@astrojs/compiler/dist/chunk-W5DTLHV4.js:1:4526)
    at wasm://wasm/01398f46:wasm-function[1567]:0x168afa
    at wasm://wasm/01398f46:wasm-function[1163]:0xfaa2b
    at d._resume (file:///Users/lirik/Projects/lirik.pro/node_modules/.pnpm/@astrojs+compiler@2.13.0/node_modules/@astrojs/compiler/dist/chunk-W5DTLHV4.js:1:6412)
    at file:///Users/lirik/Projects/lirik.pro/node_modules/.pnpm/@astrojs+compiler@2.13.0/node_modules/@astrojs/compiler/dist/node/index.js:1:830
 ELIFECYCLE  Command failed with exit code 1.
